<?xml version="1.0" encoding="UTF-8"?>
<!-- Generated by org.testng.reporters.JUnitReportReporter -->
<testsuite hostname="DESKTOP-34NVAOJ" failures="0" tests="1" name="allState.Login" time="9.966" errors="0" timestamp="2020-12-06T14:08:05 CST" skipped="0">
  <testcase classname="allState.Login" name="LoginButton" time="9.966"/>
  <system-out/>
</testsuite> <!-- allState.Login -->
