<?xml version="1.0" encoding="UTF-8"?>
<!-- Generated by org.testng.reporters.JUnitReportReporter -->
<testsuite hostname="DESKTOP-34NVAOJ" failures="0" tests="1" name="allState.Login" time="10.219" errors="0" timestamp="2020-12-06T13:52:26 CST" skipped="0">
  <testcase classname="allState.Login" name="LoginButton" time="10.219"/>
  <system-out/>
</testsuite> <!-- allState.Login -->
